<?xml version="1.0" encoding="UTF-8"?>
<robot generator="Robot 6.1.1 (Python 3.11.4 on darwin)" generated="20231229 22:17:53.424" rpa="false" schemaversion="4">
<suite id="s1" name="Dash" source="/Users/gheeno/Documents/Dash2.0/dash">
<suite id="s1-s1" name="Src" source="/Users/gheeno/Documents/Dash2.0/dash/src">
<suite id="s1-s1-s1" name="Tests" source="/Users/gheeno/Documents/Dash2.0/dash/src/tests">
<suite id="s1-s1-s1-s1" name="Robot" source="/Users/gheeno/Documents/Dash2.0/dash/src/tests/robot">
<suite id="s1-s1-s1-s1-s1" name="Test Sample App" source="/Users/gheeno/Documents/Dash2.0/dash/src/tests/robot/test_sample_app.robot">
<test id="s1-s1-s1-s1-s1-t1" name="My Test" line="8">
<kw name="Run Test">
<kw name="Robot Sampleapp Test" library="test_sample_app">
<msg timestamp="20231229 22:17:55.168" level="INFO">An error occurred: 'WebDriver' object has no attribute 'find_element_by_xpath'</msg>
<msg timestamp="20231229 22:17:55.169" level="FAIL">AttributeError: 'WebDriver' object has no attribute 'find_element_by_xpath'</msg>
<status status="FAIL" starttime="20231229 22:17:53.460" endtime="20231229 22:17:55.170"/>
</kw>
<status status="FAIL" starttime="20231229 22:17:53.460" endtime="20231229 22:17:55.170"/>
</kw>
<status status="FAIL" starttime="20231229 22:17:53.460" endtime="20231229 22:17:55.170">AttributeError: 'WebDriver' object has no attribute 'find_element_by_xpath'</status>
</test>
<status status="FAIL" starttime="20231229 22:17:53.436" endtime="20231229 22:17:55.171"/>
</suite>
<status status="FAIL" starttime="20231229 22:17:53.435" endtime="20231229 22:17:55.171"/>
</suite>
<status status="FAIL" starttime="20231229 22:17:53.434" endtime="20231229 22:17:55.172"/>
</suite>
<status status="FAIL" starttime="20231229 22:17:53.433" endtime="20231229 22:17:55.173"/>
</suite>
<status status="FAIL" starttime="20231229 22:17:53.426" endtime="20231229 22:17:55.173"/>
</suite>
<statistics>
<total>
<stat pass="0" fail="1" skip="0">All Tests</stat>
</total>
<tag>
</tag>
<suite>
<stat pass="0" fail="1" skip="0" id="s1" name="Dash">Dash</stat>
<stat pass="0" fail="1" skip="0" id="s1-s1" name="Src">Dash.Src</stat>
<stat pass="0" fail="1" skip="0" id="s1-s1-s1" name="Tests">Dash.Src.Tests</stat>
<stat pass="0" fail="1" skip="0" id="s1-s1-s1-s1" name="Robot">Dash.Src.Tests.Robot</stat>
<stat pass="0" fail="1" skip="0" id="s1-s1-s1-s1-s1" name="Test Sample App">Dash.Src.Tests.Robot.Test Sample App</stat>
</suite>
</statistics>
<errors>
</errors>
</robot>
